2025-02-20 17:07:44,470 - INFO - Las etiquetas con problemas se han comprobado correctamente.
2025-02-20 17:07:44,471 - INFO - Las etiquetas con problemas se han comprobado correctamente.
2025-02-20 17:07:44,471 - INFO - Las etiquetas con problemas se han comprobado correctamente.
2025-02-20 17:07:44,472 - INFO - Las etiquetas con problemas se han comprobado correctamente.
2025-02-20 17:07:44,472 - INFO - Las etiquetas con problemas se han comprobado correctamente.
2025-02-20 17:07:44,472 - INFO - Las etiquetas con problemas se han comprobado correctamente.
2025-02-20 17:07:44,473 - INFO - Las etiquetas con problemas se han comprobado correctamente.
2025-02-20 17:07:44,473 - INFO - Las etiquetas con problemas se han comprobado correctamente.
2025-02-20 17:07:44,473 - INFO - Las etiquetas con problemas se han comprobado correctamente.
2025-02-20 17:07:44,473 - INFO - Las etiquetas con problemas se han comprobado correctamente.
2025-02-20 17:07:44,474 - INFO - Las etiquetas con problemas se han comprobado correctamente.
2025-02-20 17:07:44,474 - INFO - Las etiquetas con problemas se han comprobado correctamente.
2025-02-20 17:07:44,474 - INFO - Las etiquetas con problemas se han comprobado correctamente.
2025-02-20 17:07:44,474 - INFO - Las etiquetas con problemas se han comprobado correctamente.
2025-02-20 17:07:44,475 - INFO - Las etiquetas con problemas se han comprobado correctamente.
2025-02-20 17:07:44,475 - INFO - Las etiquetas con problemas se han comprobado correctamente.
2025-02-20 17:07:44,475 - INFO - Los resultados se han extraído y validado correctamente.
2025-02-20 17:07:56,843 - INFO - package: mysql.connector.plugins
2025-02-20 17:07:56,843 - INFO - plugin_name: caching_sha2_password
2025-02-20 17:07:56,843 - INFO - AUTHENTICATION_PLUGIN_CLASS: MySQLCachingSHA2PasswordAuthPlugin
2025-02-20 17:07:56,857 - INFO - Los resultados se han registrado en base de datos correctamente.
2025-02-20 17:08:21,493 - INFO - Se ha guardado el archivo Excel correctamente.
